\BOOKMARK [-1][-]{ctitle.-1}{\376\377\133\236\215\365\142\245\124\112}{}% 1
\BOOKMARK [0][-]{mulu.0}{\376\377\166\356\000\040\000\040\137\125}{ctitle.-1}% 2
\BOOKMARK [0][-]{section*.3}{\376\377\000J\000D\000B\000C\230\171\166\356}{ctitle.-1}% 3
\BOOKMARK [1][-]{section*.4}{\376\377\230\171\166\356\227\000\154\102}{section*.3}% 4
\BOOKMARK [1][-]{section*.22}{\376\377\230\171\166\356\213\276\213\241}{section*.3}% 5
\BOOKMARK [1][-]{section*.27}{\376\377\122\237\200\375\117\030\123\026}{section*.3}% 6
\BOOKMARK [0][-]{section*.29}{\376\377\122\115\172\357\230\171\166\356}{ctitle.-1}% 7
\BOOKMARK [1][-]{section*.30}{\376\377\230\171\166\356\227\000\154\102}{section*.29}% 8
\BOOKMARK [1][-]{section*.40}{\376\377\230\171\166\356\213\276\213\241}{section*.29}% 9
\BOOKMARK [1][-]{section*.46}{\376\377\122\237\200\375\117\030\123\026}{section*.29}% 10
\BOOKMARK [0][-]{section*.48}{\376\377\000S\000e\000r\000v\000l\000e\000t\000\040\230\171\166\356}{ctitle.-1}% 11
\BOOKMARK [1][-]{section*.49}{\376\377\230\171\166\356\227\000\154\102}{section*.48}% 12
\BOOKMARK [1][-]{section*.62}{\376\377\230\171\166\356\213\276\213\241}{section*.48}% 13
\BOOKMARK [0][-]{section*.71}{\376\377\000S\000p\000r\000i\000n\000g\000B\000o\000o\000t\230\171\166\356}{ctitle.-1}% 14
\BOOKMARK [1][-]{section*.72}{\376\377\230\171\166\356\227\000\154\102}{section*.71}% 15
\BOOKMARK [1][-]{section*.73}{\376\377\230\171\166\356\213\276\213\241}{section*.71}% 16
\BOOKMARK [0][-]{section*.77}{\376\377\122\237\200\375\122\033\145\260}{ctitle.-1}% 17
\BOOKMARK [1][-]{section*.78}{\376\377\117\032\124\130\122\237\200\375}{section*.77}% 18
\BOOKMARK [1][-]{section*.86}{\376\377\040\034\142\021\166\204\040\035\230\165\227\142}{section*.77}% 19
\BOOKMARK [1][-]{section*.92}{\376\377\213\304\213\272\122\237\200\375}{section*.77}% 20
\BOOKMARK [0][-]{section*.100}{\376\377\155\113\213\325\145\271\154\325}{ctitle.-1}% 21
\BOOKMARK [1][-]{section*.101}{\376\377\124\016\172\357\143\245\123\343\155\113\213\325}{section*.100}% 22
\BOOKMARK [1][-]{section*.103}{\376\377\226\306\142\020\155\113\213\325}{section*.100}% 23
\BOOKMARK [0][-]{section*.104}{\376\377\137\000\123\321\155\101\172\013}{ctitle.-1}% 24
\BOOKMARK [1][-]{section*.105}{\376\377\134\017\176\304\122\006\135\345}{section*.104}% 25
\BOOKMARK [1][-]{section*.106}{\376\377\116\343\170\001\116\323\136\223}{section*.104}% 26
\BOOKMARK [1][-]{section*.112}{\376\377\137\000\123\321\217\307\172\013\116\055\166\204\225\356\230\230\123\312\211\343\121\263\145\271\154\325}{section*.104}% 27
\BOOKMARK [0][-]{section*.113}{\376\377\133\236\215\365\137\303\137\227}{ctitle.-1}% 28
